<?xml version="1.0" encoding="UTF-8"?>
<testng-results ignored="0" total="2" passed="2" failed="0" skipped="0">
  <reporter-output>
  </reporter-output>
  <suite started-at="2023-04-24T14:03:29Z" name="Suite" finished-at="2023-04-24T14:03:48Z" duration-ms="18913">
    <groups>
    </groups>
    <test started-at="2023-04-24T14:03:29Z" name="Test" finished-at="2023-04-24T14:03:48Z" duration-ms="18913">
      <class name="testCases.LoginTest">
        <test-method is-config="true" signature="ReportSetup()[pri:0, instance:testCases.LoginTest@4397ad89]" started-at="2023-04-24T14:03:29Z" name="ReportSetup" finished-at="2023-04-24T14:03:31Z" duration-ms="1261" status="PASS">
          <reporter-output>
          </reporter-output>
        </test-method> <!-- ReportSetup -->
        <test-method is-config="true" signature="SetUp(java.lang.reflect.Method)[pri:0, instance:testCases.LoginTest@4397ad89]" started-at="2023-04-24T14:03:31Z" name="SetUp" finished-at="2023-04-24T14:03:38Z" duration-ms="7255" status="PASS">
          <params>
            <param index="0">
              <value>
                <![CDATA[public void testCases.LoginTest.InvalidLogin(java.lang.reflect.Method) throws com.codoid.products.exception.FilloException]]>
              </value>
            </param>
          </params>
          <reporter-output>
          </reporter-output>
        </test-method> <!-- SetUp -->
        <test-method signature="InvalidLogin(java.lang.reflect.Method)[pri:0, instance:testCases.LoginTest@4397ad89]" started-at="2023-04-24T14:03:38Z" name="InvalidLogin" finished-at="2023-04-24T14:03:39Z" duration-ms="986" status="PASS">
          <params>
            <param index="0">
              <value>
                <![CDATA[public void testCases.LoginTest.InvalidLogin(java.lang.reflect.Method) throws com.codoid.products.exception.FilloException]]>
              </value>
            </param>
          </params>
          <reporter-output>
          </reporter-output>
        </test-method> <!-- InvalidLogin -->
        <test-method is-config="true" signature="TearDown()[pri:0, instance:testCases.LoginTest@4397ad89]" started-at="2023-04-24T14:03:39Z" name="TearDown" finished-at="2023-04-24T14:03:39Z" duration-ms="353" status="PASS">
          <reporter-output>
          </reporter-output>
        </test-method> <!-- TearDown -->
        <test-method is-config="true" signature="SetUp(java.lang.reflect.Method)[pri:0, instance:testCases.LoginTest@4397ad89]" started-at="2023-04-24T14:03:39Z" name="SetUp" finished-at="2023-04-24T14:03:46Z" duration-ms="6609" status="PASS">
          <params>
            <param index="0">
              <value>
                <![CDATA[public void testCases.LoginTest.ValidLogin(java.lang.reflect.Method) throws com.codoid.products.exception.FilloException,java.lang.InterruptedException]]>
              </value>
            </param>
          </params>
          <reporter-output>
          </reporter-output>
        </test-method> <!-- SetUp -->
        <test-method signature="ValidLogin(java.lang.reflect.Method)[pri:0, instance:testCases.LoginTest@4397ad89]" started-at="2023-04-24T14:03:46Z" name="ValidLogin" finished-at="2023-04-24T14:03:47Z" duration-ms="1518" status="PASS">
          <params>
            <param index="0">
              <value>
                <![CDATA[public void testCases.LoginTest.ValidLogin(java.lang.reflect.Method) throws com.codoid.products.exception.FilloException,java.lang.InterruptedException]]>
              </value>
            </param>
          </params>
          <reporter-output>
          </reporter-output>
        </test-method> <!-- ValidLogin -->
        <test-method is-config="true" signature="TearDown()[pri:0, instance:testCases.LoginTest@4397ad89]" started-at="2023-04-24T14:03:47Z" name="TearDown" finished-at="2023-04-24T14:03:48Z" duration-ms="327" status="PASS">
          <reporter-output>
          </reporter-output>
        </test-method> <!-- TearDown -->
        <test-method is-config="true" signature="ReportClean()[pri:0, instance:testCases.LoginTest@4397ad89]" started-at="2023-04-24T14:03:48Z" name="ReportClean" finished-at="2023-04-24T14:03:48Z" duration-ms="563" status="PASS">
          <reporter-output>
          </reporter-output>
        </test-method> <!-- ReportClean -->
      </class> <!-- testCases.LoginTest -->
    </test> <!-- Test -->
  </suite> <!-- Suite -->
</testng-results>
